<?xml version="1.0" encoding="UTF-8"?>
<!-- Generated by org.testng.reporters.JUnitReportReporter -->
<testsuite skipped="0" hostname="Vihaan" name="Academy.Homepage" tests="2" failures="0" timestamp="21 Jan 2018 16:51:54 GMT" time="37.599" errors="0">
  <testcase name="basepagenavigation" time="12.631" classname="Academy.Homepage"/>
  <testcase name="basepagenavigation" time="24.968" classname="Academy.Homepage"/>
</testsuite> <!-- Academy.Homepage -->
