<?xml version="1.0" encoding="UTF-8"?>
<!-- Generated by org.testng.reporters.JUnitReportReporter -->
<testsuite skipped="0" hostname="Vihaan" name="Academy.validatetitle" tests="1" failures="0" timestamp="21 Jan 2018 16:51:54 GMT" time="0.154" errors="0">
  <testcase name="basepagenavigation" time="0.154" classname="Academy.validatetitle"/>
</testsuite> <!-- Academy.validatetitle -->
