<?xml version="1.0" encoding="UTF-8"?>
<!-- Generated by org.testng.reporters.JUnitReportReporter -->
<testsuite skipped="0" hostname="Vihaan" name="Academy.validanavbar" tests="1" failures="0" timestamp="21 Jan 2018 16:51:54 GMT" time="0.161" errors="0">
  <testcase name="basepagenavigation" time="0.161" classname="Academy.validanavbar"/>
</testsuite> <!-- Academy.validanavbar -->
