<?xml version="1.0" encoding="UTF-8"?>
<!-- Generated by org.testng.reporters.JUnitReportReporter -->
<testsuite hostname="Vihaan" name="Academy.validanavbar" tests="1" failures="0" timestamp="21 Jan 2018 17:04:55 GMT" time="0.150" errors="0">
  <testcase name="basepagenavigation" time="0.150" classname="Academy.validanavbar"/>
</testsuite> <!-- Academy.validanavbar -->
