<?xml version="1.0" encoding="UTF-8"?>
<!-- Generated by org.testng.reporters.JUnitReportReporter -->
<testsuite hostname="Vihaan" name="Academy.Homepage" tests="2" failures="0" timestamp="21 Jan 2018 17:04:55 GMT" time="34.819" errors="0">
  <testcase name="basepagenavigation" time="24.397" classname="Academy.Homepage"/>
  <testcase name="basepagenavigation" time="10.422" classname="Academy.Homepage"/>
</testsuite> <!-- Academy.Homepage -->
